Using pre-set license
Built from '2021.1/release' branch; Version is '2021.1.0f1 (61a549675243) revision 6399305'; Using compiler version '192528614'; Build Type 'Release'
OS: 'Windows 10 Home; OS build 19041.867; Version 2004; 64bit' Language: 'en' Physical Memory: 16310 MB
BatchMode: 1, IsHumanControllingUs: 0, StartBugReporterOnCrash: 0, Is64bit: 1, IsPro: 0

 COMMAND LINE ARGUMENTS:
C:\Program Files\Unity\Hub\Editor\2021.1.0f1\Editor\Unity.exe
-adb2
-batchMode
-noUpm
-name
AssetImportWorker0
-projectPath
C:/Users/Flamingo/Desktop/Unplugged/CollegeGameJam2021/Unplugged
-logFile
Logs/AssetImportWorker0.log
-srvPort
56960
Successfully changed project path to: C:/Users/Flamingo/Desktop/Unplugged/CollegeGameJam2021/Unplugged
C:/Users/Flamingo/Desktop/Unplugged/CollegeGameJam2021/Unplugged
Using Asset Import Pipeline V2.
Refreshing native plugins compatible for Editor in 69.96 ms, found 3 plugins.
Preloading 0 native plugins for Editor in 0.00 ms.
Initialize engine version: 2021.1.0f1 (61a549675243)
[Subsystems] Discovering subsystems at path C:/Program Files/Unity/Hub/Editor/2021.1.0f1/Editor/Data/Resources/UnitySubsystems
[Subsystems] Discovering subsystems at path C:/Users/Flamingo/Desktop/Unplugged/CollegeGameJam2021/Unplugged/Assets
GfxDevice: creating device client; threaded=0; jobified=0
Direct3D:
    Version:  Direct3D 11.0 [level 11.1]
    Renderer: NVIDIA GeForce RTX 2070 (ID=0x1f02)
    Vendor:   NVIDIA
    VRAM:     8031 MB
    Driver:   27.21.14.5671
Initialize mono
Mono path[0] = 'C:/Program Files/Unity/Hub/Editor/2021.1.0f1/Editor/Data/Managed'
Mono path[1] = 'C:/Program Files/Unity/Hub/Editor/2021.1.0f1/Editor/Data/MonoBleedingEdge/lib/mono/unityjit'
Mono config path = 'C:/Program Files/Unity/Hub/Editor/2021.1.0f1/Editor/Data/MonoBleedingEdge/etc'
Using monoOptions --debugger-agent=transport=dt_socket,embedding=1,server=y,suspend=n,address=127.0.0.1:56020
Begin MonoManager ReloadAssembly
Registering precompiled unity dll's ...
Register platform support module: C:/Program Files/Unity/Hub/Editor/2021.1.0f1/Editor/Data/PlaybackEngines/WindowsStandaloneSupport/UnityEditor.WindowsStandalone.Extensions.dll
Registered in 0.001852 seconds.
Native extension for WindowsStandalone target not found
Refreshing native plugins compatible for Editor in 70.73 ms, found 3 plugins.
Preloading 0 native plugins for Editor in 0.00 ms.
Mono: successfully reloaded assembly
- Completed reload, in  1.048 seconds
Platform modules already initialized, skipping
Registering precompiled user dll's ...
Registered in 0.006583 seconds.
Begin MonoManager ReloadAssembly
Symbol file LoadedFromMemory is not a mono symbol file
Symbol file LoadedFromMemory is not a mono symbol file
Symbol file LoadedFromMemory is not a mono symbol file
Symbol file LoadedFromMemory is not a mono symbol file
Native extension for WindowsStandalone target not found
Refreshing native plugins compatible for Editor in 0.92 ms, found 3 plugins.
Preloading 0 native plugins for Editor in 0.00 ms.
Mono: successfully reloaded assembly
- Completed reload, in  1.007 seconds
Platform modules already initialized, skipping
========================================================================
Worker process is ready to serve import requests
Launched and connected shader compiler UnityShaderCompiler.exe after 0.05 seconds
Refreshing native plugins compatible for Editor in 1.27 ms, found 3 plugins.
Preloading 0 native plugins for Editor in 0.00 ms.
Unloading 2684 Unused Serialized files (Serialized files now loaded: 0)
System memory in use before: 98.7 MB.
System memory in use after: 98.9 MB.

Unloading 32 unused Assets to reduce memory usage. Loaded Objects now: 3161.
Total: 3.698400 ms (FindLiveObjects: 0.350900 ms CreateObjectMapping: 0.068800 ms MarkObjects: 3.103300 ms  DeleteObjects: 0.173500 ms)

========================================================================
Received Import Request.
  path: Assets/Objects/Plug.fbx
  artifactKey: Guid(522b0d451b02ca545af34a5152c1bfbe) Importer(815301076,1909f56bfc062723c751e8b465ee728b)
Start importing Assets/Objects/Plug.fbx using Guid(522b0d451b02ca545af34a5152c1bfbe) Importer(815301076,1909f56bfc062723c751e8b465ee728b)  -> (artifact id: '0b44ef4fbf889a125ae23cac1f34c427') in 0.223614 seconds 
========================================================================
Received Import Request.
  Time since last request: 5.480803 seconds.
  path: Assets/Objects/Outlet.fbx
  artifactKey: Guid(1fb3814fccb41154fa1413b10e977b91) Importer(815301076,1909f56bfc062723c751e8b465ee728b)
Start importing Assets/Objects/Outlet.fbx using Guid(1fb3814fccb41154fa1413b10e977b91) Importer(815301076,1909f56bfc062723c751e8b465ee728b)  -> (artifact id: 'bbbf24212749d4056154313247c54ec2') in 0.032347 seconds 
========================================================================
Received Import Request.
  Time since last request: 15.149075 seconds.
  path: Assets/Textures/outlettexture.png
  artifactKey: Guid(7d369ffeb215efb4898f8e26dc7e4c16) Importer(815301076,1909f56bfc062723c751e8b465ee728b)
Start importing Assets/Textures/outlettexture.png using Guid(7d369ffeb215efb4898f8e26dc7e4c16) Importer(815301076,1909f56bfc062723c751e8b465ee728b)  -> (artifact id: 'a8b23117ee9277c65128400b3b223103') in 0.073938 seconds 
========================================================================
Received Import Request.
  Time since last request: 0.000264 seconds.
  path: Assets/Textures/plugtexturegreen.png
  artifactKey: Guid(1687c3901ce3a294eac96f916696277c) Importer(815301076,1909f56bfc062723c751e8b465ee728b)
Start importing Assets/Textures/plugtexturegreen.png using Guid(1687c3901ce3a294eac96f916696277c) Importer(815301076,1909f56bfc062723c751e8b465ee728b)  -> (artifact id: '1c4f3febca8d7f03166cfb2f654c1e1f') in 0.020197 seconds 
========================================================================
Received Import Request.
  Time since last request: 2.581608 seconds.
  path: Assets/Textures/plugtexturered.png
  artifactKey: Guid(f2964f58effd28d4dadf19fb5f498e3c) Importer(815301076,1909f56bfc062723c751e8b465ee728b)
Start importing Assets/Textures/plugtexturered.png using Guid(f2964f58effd28d4dadf19fb5f498e3c) Importer(815301076,1909f56bfc062723c751e8b465ee728b)  -> (artifact id: '3ff1eb2e21eecd85882a70a7cd2c471a') in 0.020386 seconds 
AssetImportWorkerClient::OnTransportError - code=2 error=End of file
